2022/12/25 15:51:58 [emerg] 1#1: host not found in upstream "app:8000" in /etc/nginx/conf.d/default.conf:3
2022/12/25 15:52:11 [emerg] 1#1: host not found in upstream "app:8000" in /etc/nginx/conf.d/default.conf:3
2022/12/25 15:52:23 [emerg] 1#1: host not found in upstream "app:8000" in /etc/nginx/conf.d/default.conf:3
2022/12/25 15:52:35 [emerg] 1#1: host not found in upstream "app:8000" in /etc/nginx/conf.d/default.conf:3
2022/12/25 15:52:48 [emerg] 1#1: host not found in upstream "app:8000" in /etc/nginx/conf.d/default.conf:3
2022/12/25 15:53:00 [emerg] 1#1: host not found in upstream "app:8000" in /etc/nginx/conf.d/default.conf:3
2022/12/25 15:53:12 [emerg] 1#1: host not found in upstream "app:8000" in /etc/nginx/conf.d/default.conf:3
2022/12/25 15:53:24 [emerg] 1#1: host not found in upstream "app:8000" in /etc/nginx/conf.d/default.conf:3
2022/12/25 15:53:37 [emerg] 1#1: host not found in upstream "app:8000" in /etc/nginx/conf.d/default.conf:3
2022/12/25 15:53:49 [emerg] 1#1: host not found in upstream "app:8000" in /etc/nginx/conf.d/default.conf:3
2022/12/25 15:54:01 [emerg] 1#1: host not found in upstream "app:8000" in /etc/nginx/conf.d/default.conf:3
2022/12/25 16:26:58 [emerg] 1#1: host not found in upstream "app:8000" in /etc/nginx/conf.d/default.conf:3
2022/12/25 16:27:11 [emerg] 1#1: host not found in upstream "app:8000" in /etc/nginx/conf.d/default.conf:3
2022/12/25 16:27:23 [emerg] 1#1: host not found in upstream "app:8000" in /etc/nginx/conf.d/default.conf:3
2022/12/25 16:27:35 [emerg] 1#1: host not found in upstream "app:8000" in /etc/nginx/conf.d/default.conf:3
2022/12/25 16:27:48 [emerg] 1#1: host not found in upstream "app:8000" in /etc/nginx/conf.d/default.conf:3
2022/12/25 16:28:00 [emerg] 1#1: host not found in upstream "app:8000" in /etc/nginx/conf.d/default.conf:3
2022/12/25 16:28:12 [emerg] 1#1: host not found in upstream "app:8000" in /etc/nginx/conf.d/default.conf:3
2022/12/25 16:38:55 [notice] 1#1: using the "epoll" event method
2022/12/25 16:38:55 [notice] 1#1: nginx/1.22.1
2022/12/25 16:38:55 [notice] 1#1: built by gcc 10.2.1 20210110 (Debian 10.2.1-6) 
2022/12/25 16:38:55 [notice] 1#1: OS: Linux 5.10.16.3-microsoft-standard-WSL2
2022/12/25 16:38:55 [notice] 1#1: getrlimit(RLIMIT_NOFILE): 1048576:1048576
2022/12/25 16:38:55 [notice] 1#1: start worker processes
2022/12/25 16:38:55 [notice] 1#1: start worker process 29
2022/12/25 16:38:55 [notice] 1#1: start worker process 30
2022/12/25 16:38:55 [notice] 1#1: start worker process 31
2022/12/25 16:38:55 [notice] 1#1: start worker process 32
2022/12/25 16:38:55 [notice] 1#1: start worker process 33
2022/12/25 16:38:55 [notice] 1#1: start worker process 34
2022/12/25 16:38:55 [notice] 1#1: start worker process 35
2022/12/25 16:38:55 [notice] 1#1: start worker process 36
2022/12/25 16:39:03 [error] 29#29: *1 open() "/usr/share/nginx/html/favicon.ico" failed (2: No such file or directory), client: 172.18.0.1, server: localhost, request: "GET /favicon.ico HTTP/1.1", host: "localhost", referrer: "http://localhost/"
2022/12/25 16:39:21 [notice] 1#1: signal 3 (SIGQUIT) received, shutting down
2022/12/25 16:39:21 [notice] 30#30: gracefully shutting down
2022/12/25 16:39:21 [notice] 29#29: gracefully shutting down
2022/12/25 16:39:21 [notice] 31#31: gracefully shutting down
2022/12/25 16:39:21 [notice] 32#32: gracefully shutting down
2022/12/25 16:39:21 [notice] 35#35: gracefully shutting down
2022/12/25 16:39:21 [notice] 33#33: gracefully shutting down
2022/12/25 16:39:21 [notice] 34#34: gracefully shutting down
2022/12/25 16:39:21 [notice] 36#36: gracefully shutting down
2022/12/25 16:39:21 [notice] 29#29: exiting
2022/12/25 16:39:21 [notice] 31#31: exiting
2022/12/25 16:39:21 [notice] 32#32: exiting
2022/12/25 16:39:21 [notice] 35#35: exiting
2022/12/25 16:39:21 [notice] 33#33: exiting
2022/12/25 16:39:21 [notice] 34#34: exiting
2022/12/25 16:39:21 [notice] 36#36: exiting
2022/12/25 16:39:21 [notice] 29#29: exit
2022/12/25 16:39:21 [notice] 31#31: exit
2022/12/25 16:39:21 [notice] 32#32: exit
2022/12/25 16:39:21 [notice] 35#35: exit
2022/12/25 16:39:21 [notice] 33#33: exit
2022/12/25 16:39:21 [notice] 34#34: exit
2022/12/25 16:39:21 [notice] 36#36: exit
2022/12/25 16:39:21 [notice] 1#1: signal 17 (SIGCHLD) received from 32
2022/12/25 16:39:21 [notice] 1#1: worker process 29 exited with code 0
2022/12/25 16:39:21 [notice] 1#1: worker process 31 exited with code 0
2022/12/25 16:39:21 [notice] 1#1: worker process 32 exited with code 0
2022/12/25 16:39:21 [notice] 1#1: worker process 33 exited with code 0
2022/12/25 16:39:21 [notice] 1#1: worker process 34 exited with code 0
2022/12/25 16:39:21 [notice] 1#1: worker process 35 exited with code 0
2022/12/25 16:39:21 [notice] 1#1: worker process 36 exited with code 0
2022/12/25 16:39:21 [notice] 1#1: signal 29 (SIGIO) received
2022/12/25 16:39:21 [notice] 1#1: signal 17 (SIGCHLD) received from 29
2022/12/25 16:39:43 [notice] 1#1: using the "epoll" event method
2022/12/25 16:39:43 [notice] 1#1: nginx/1.22.1
2022/12/25 16:39:43 [notice] 1#1: built by gcc 10.2.1 20210110 (Debian 10.2.1-6) 
2022/12/25 16:39:43 [notice] 1#1: OS: Linux 5.10.16.3-microsoft-standard-WSL2
2022/12/25 16:39:43 [notice] 1#1: getrlimit(RLIMIT_NOFILE): 1048576:1048576
2022/12/25 16:39:43 [notice] 1#1: start worker processes
2022/12/25 16:39:43 [notice] 1#1: start worker process 29
2022/12/25 16:39:43 [notice] 1#1: start worker process 30
2022/12/25 16:39:43 [notice] 1#1: start worker process 31
2022/12/25 16:39:43 [notice] 1#1: start worker process 32
2022/12/25 16:39:43 [notice] 1#1: start worker process 33
2022/12/25 16:39:43 [notice] 1#1: start worker process 34
2022/12/25 16:39:43 [notice] 1#1: start worker process 35
2022/12/25 16:39:43 [notice] 1#1: start worker process 36
2022/12/25 16:40:53 [error] 31#31: *3 open() "/usr/share/nginx/html/favicon.ico" failed (2: No such file or directory), client: 172.18.0.1, server: localhost, request: "GET /favicon.ico HTTP/1.1", host: "localhost", referrer: "http://localhost/"
2022/12/25 16:41:49 [notice] 1#1: signal 3 (SIGQUIT) received, shutting down
2022/12/25 16:41:49 [notice] 29#29: gracefully shutting down
2022/12/25 16:41:49 [notice] 30#30: gracefully shutting down
2022/12/25 16:41:49 [notice] 31#31: gracefully shutting down
2022/12/25 16:41:49 [notice] 31#31: exiting
2022/12/25 16:41:49 [notice] 33#33: gracefully shutting down
2022/12/25 16:41:49 [notice] 34#34: gracefully shutting down
2022/12/25 16:41:49 [notice] 34#34: exiting
2022/12/25 16:41:49 [notice] 35#35: gracefully shutting down
2022/12/25 16:41:49 [notice] 32#32: gracefully shutting down
2022/12/25 16:41:49 [notice] 36#36: gracefully shutting down
2022/12/25 16:41:49 [notice] 29#29: exiting
2022/12/25 16:41:49 [notice] 30#30: exiting
2022/12/25 16:41:49 [notice] 31#31: exit
2022/12/25 16:41:49 [notice] 33#33: exiting
2022/12/25 16:41:49 [notice] 34#34: exit
2022/12/25 16:41:49 [notice] 35#35: exiting
2022/12/25 16:41:49 [notice] 32#32: exiting
2022/12/25 16:41:49 [notice] 36#36: exiting
2022/12/25 16:41:49 [notice] 29#29: exit
2022/12/25 16:41:49 [notice] 30#30: exit
2022/12/25 16:41:49 [notice] 33#33: exit
2022/12/25 16:41:49 [notice] 35#35: exit
2022/12/25 16:41:49 [notice] 32#32: exit
2022/12/25 16:41:49 [notice] 36#36: exit
2022/12/25 16:41:49 [notice] 1#1: signal 17 (SIGCHLD) received from 34
2022/12/25 16:41:49 [notice] 1#1: worker process 30 exited with code 0
2022/12/25 16:41:49 [notice] 1#1: worker process 34 exited with code 0
2022/12/25 16:41:49 [notice] 1#1: signal 29 (SIGIO) received
2022/12/25 16:41:49 [notice] 1#1: signal 17 (SIGCHLD) received from 36
2022/12/25 16:41:49 [notice] 1#1: worker process 36 exited with code 0
2022/12/25 16:41:49 [notice] 1#1: signal 29 (SIGIO) received
2022/12/25 16:41:49 [notice] 1#1: signal 17 (SIGCHLD) received from 33
2022/12/25 16:41:49 [notice] 1#1: worker process 32 exited with code 0
2022/12/25 16:41:49 [notice] 1#1: worker process 33 exited with code 0
2022/12/25 16:41:49 [notice] 1#1: worker process 35 exited with code 0
2022/12/25 16:41:49 [notice] 1#1: signal 29 (SIGIO) received
2022/12/25 16:42:35 [notice] 1#1: using the "epoll" event method
2022/12/25 16:42:35 [notice] 1#1: nginx/1.22.1
2022/12/25 16:42:35 [notice] 1#1: built by gcc 10.2.1 20210110 (Debian 10.2.1-6) 
2022/12/25 16:42:35 [notice] 1#1: OS: Linux 5.10.16.3-microsoft-standard-WSL2
2022/12/25 16:42:35 [notice] 1#1: getrlimit(RLIMIT_NOFILE): 1048576:1048576
2022/12/25 16:42:35 [notice] 1#1: start worker processes
2022/12/25 16:42:35 [notice] 1#1: start worker process 29
2022/12/25 16:42:35 [notice] 1#1: start worker process 30
2022/12/25 16:42:35 [notice] 1#1: start worker process 31
2022/12/25 16:42:35 [notice] 1#1: start worker process 32
2022/12/25 16:42:35 [notice] 1#1: start worker process 33
2022/12/25 16:42:35 [notice] 1#1: start worker process 34
2022/12/25 16:42:35 [notice] 1#1: start worker process 35
2022/12/25 16:42:35 [notice] 1#1: start worker process 36
2022/12/25 16:42:53 [notice] 1#1: signal 3 (SIGQUIT) received, shutting down
2022/12/25 16:42:53 [notice] 29#29: gracefully shutting down
2022/12/25 16:42:53 [notice] 30#30: gracefully shutting down
2022/12/25 16:42:53 [notice] 31#31: gracefully shutting down
2022/12/25 16:42:53 [notice] 32#32: gracefully shutting down
2022/12/25 16:42:53 [notice] 33#33: gracefully shutting down
2022/12/25 16:42:53 [notice] 34#34: gracefully shutting down
2022/12/25 16:42:53 [notice] 35#35: gracefully shutting down
2022/12/25 16:42:53 [notice] 36#36: gracefully shutting down
2022/12/25 16:42:53 [notice] 29#29: exiting
2022/12/25 16:42:53 [notice] 30#30: exiting
2022/12/25 16:42:53 [notice] 31#31: exiting
2022/12/25 16:42:53 [notice] 32#32: exiting
2022/12/25 16:42:53 [notice] 33#33: exiting
2022/12/25 16:42:53 [notice] 34#34: exiting
2022/12/25 16:42:53 [notice] 35#35: exiting
2022/12/25 16:42:53 [notice] 36#36: exiting
2022/12/25 16:42:53 [notice] 29#29: exit
2022/12/25 16:42:53 [notice] 30#30: exit
2022/12/25 16:42:53 [notice] 31#31: exit
2022/12/25 16:42:53 [notice] 32#32: exit
2022/12/25 16:42:53 [notice] 33#33: exit
2022/12/25 16:42:53 [notice] 34#34: exit
2022/12/25 16:42:53 [notice] 35#35: exit
2022/12/25 16:42:53 [notice] 36#36: exit
2022/12/25 16:42:53 [notice] 1#1: signal 17 (SIGCHLD) received from 36
2022/12/25 16:42:53 [notice] 1#1: worker process 36 exited with code 0
2022/12/25 16:42:53 [notice] 1#1: signal 29 (SIGIO) received
2022/12/25 16:42:53 [notice] 1#1: signal 17 (SIGCHLD) received from 33
2022/12/25 16:42:53 [notice] 1#1: worker process 31 exited with code 0
2022/12/25 16:42:53 [notice] 1#1: worker process 33 exited with code 0
2022/12/25 16:42:53 [notice] 1#1: worker process 35 exited with code 0
2022/12/25 16:42:53 [notice] 1#1: signal 29 (SIGIO) received
2022/12/25 16:42:53 [notice] 1#1: signal 17 (SIGCHLD) received from 29
2022/12/25 16:42:53 [notice] 1#1: worker process 29 exited with code 0
2022/12/25 16:42:53 [notice] 1#1: worker process 32 exited with code 0
2022/12/25 16:42:53 [notice] 1#1: signal 29 (SIGIO) received
2022/12/25 16:42:53 [notice] 1#1: signal 17 (SIGCHLD) received from 32
2022/12/25 16:42:53 [notice] 1#1: signal 17 (SIGCHLD) received from 34
2022/12/25 16:42:53 [notice] 1#1: worker process 30 exited with code 0
2022/12/25 16:42:53 [notice] 1#1: worker process 34 exited with code 0
2022/12/25 16:42:53 [notice] 1#1: exit
2022/12/25 16:43:03 [notice] 1#1: using the "epoll" event method
2022/12/25 16:43:03 [notice] 1#1: nginx/1.22.1
2022/12/25 16:43:03 [notice] 1#1: built by gcc 10.2.1 20210110 (Debian 10.2.1-6) 
2022/12/25 16:43:03 [notice] 1#1: OS: Linux 5.10.16.3-microsoft-standard-WSL2
2022/12/25 16:43:03 [notice] 1#1: getrlimit(RLIMIT_NOFILE): 1048576:1048576
2022/12/25 16:43:03 [notice] 1#1: start worker processes
2022/12/25 16:43:03 [notice] 1#1: start worker process 29
2022/12/25 16:43:03 [notice] 1#1: start worker process 30
2022/12/25 16:43:03 [notice] 1#1: start worker process 31
2022/12/25 16:43:03 [notice] 1#1: start worker process 32
2022/12/25 16:43:03 [notice] 1#1: start worker process 33
2022/12/25 16:43:03 [notice] 1#1: start worker process 34
2022/12/25 16:43:03 [notice] 1#1: start worker process 35
2022/12/25 16:43:03 [notice] 1#1: start worker process 36
2022/12/25 16:43:45 [notice] 1#1: signal 3 (SIGQUIT) received, shutting down
2022/12/25 16:43:45 [notice] 29#29: gracefully shutting down
2022/12/25 16:43:45 [notice] 30#30: gracefully shutting down
2022/12/25 16:43:45 [notice] 31#31: gracefully shutting down
2022/12/25 16:43:45 [notice] 32#32: gracefully shutting down
2022/12/25 16:43:45 [notice] 32#32: exiting
2022/12/25 16:43:45 [notice] 33#33: gracefully shutting down
2022/12/25 16:43:45 [notice] 33#33: exiting
2022/12/25 16:43:45 [notice] 34#34: gracefully shutting down
2022/12/25 16:43:45 [notice] 35#35: gracefully shutting down
2022/12/25 16:43:45 [notice] 35#35: exiting
2022/12/25 16:43:45 [notice] 36#36: gracefully shutting down
2022/12/25 16:43:45 [notice] 36#36: exiting
2022/12/25 16:43:45 [notice] 29#29: exiting
2022/12/25 16:43:45 [notice] 31#31: exiting
2022/12/25 16:43:45 [notice] 32#32: exit
2022/12/25 16:43:45 [notice] 33#33: exit
2022/12/25 16:43:45 [notice] 34#34: exiting
2022/12/25 16:43:45 [notice] 35#35: exit
2022/12/25 16:43:45 [notice] 36#36: exit
2022/12/25 16:43:45 [notice] 29#29: exit
2022/12/25 16:43:45 [notice] 31#31: exit
2022/12/25 16:43:45 [notice] 34#34: exit
2022/12/25 16:43:45 [notice] 1#1: signal 17 (SIGCHLD) received from 33
2022/12/25 16:43:45 [notice] 1#1: worker process 29 exited with code 0
2022/12/25 16:43:45 [notice] 1#1: worker process 32 exited with code 0
2022/12/25 16:43:45 [notice] 1#1: worker process 33 exited with code 0
2022/12/25 16:43:45 [notice] 1#1: signal 29 (SIGIO) received
2022/12/25 16:43:45 [notice] 1#1: signal 17 (SIGCHLD) received from 29
2022/12/25 16:43:45 [notice] 1#1: signal 17 (SIGCHLD) received from 35
2022/12/25 16:43:45 [notice] 1#1: worker process 35 exited with code 0
2022/12/25 16:43:45 [notice] 1#1: signal 29 (SIGIO) received
2022/12/25 16:43:45 [notice] 1#1: signal 17 (SIGCHLD) received from 31
2022/12/25 16:43:45 [notice] 1#1: worker process 31 exited with code 0
2022/12/25 16:43:45 [notice] 1#1: worker process 34 exited with code 0
2022/12/25 16:43:45 [notice] 1#1: worker process 36 exited with code 0
2022/12/25 16:43:45 [notice] 1#1: signal 29 (SIGIO) received
2022/12/25 16:43:45 [notice] 1#1: signal 17 (SIGCHLD) received from 34
2022/12/26 09:32:44 [notice] 1#1: using the "epoll" event method
2022/12/26 09:32:44 [notice] 1#1: nginx/1.22.1
2022/12/26 09:32:44 [notice] 1#1: built by gcc 10.2.1 20210110 (Debian 10.2.1-6) 
2022/12/26 09:32:44 [notice] 1#1: OS: Linux 5.10.16.3-microsoft-standard-WSL2
2022/12/26 09:32:44 [notice] 1#1: getrlimit(RLIMIT_NOFILE): 1048576:1048576
2022/12/26 09:32:44 [notice] 1#1: start worker processes
2022/12/26 09:32:44 [notice] 1#1: start worker process 28
2022/12/26 09:32:44 [notice] 1#1: start worker process 29
2022/12/26 09:32:44 [notice] 1#1: start worker process 30
2022/12/26 09:32:44 [notice] 1#1: start worker process 31
2022/12/26 09:32:44 [notice] 1#1: start worker process 32
2022/12/26 09:32:44 [notice] 1#1: start worker process 33
2022/12/26 09:32:44 [notice] 1#1: start worker process 34
2022/12/26 09:32:44 [notice] 1#1: start worker process 35
2022/12/26 09:41:09 [error] 28#28: *40 open() "/static/admin/css/base.css" failed (2: No such file or directory), client: 172.18.0.1, server: , request: "GET /static/admin/css/base.css HTTP/1.1", host: "localhost", referrer: "http://localhost/admin/login/?next=/admin/"
2022/12/26 09:41:09 [error] 28#28: *40 open() "/static/admin/css/dark_mode.css" failed (2: No such file or directory), client: 172.18.0.1, server: , request: "GET /static/admin/css/dark_mode.css HTTP/1.1", host: "localhost", referrer: "http://localhost/admin/login/?next=/admin/"
2022/12/26 09:41:09 [error] 28#28: *42 open() "/static/admin/css/nav_sidebar.css" failed (2: No such file or directory), client: 172.18.0.1, server: , request: "GET /static/admin/css/nav_sidebar.css HTTP/1.1", host: "localhost", referrer: "http://localhost/admin/login/?next=/admin/"
2022/12/26 09:41:09 [error] 28#28: *42 open() "/static/admin/js/nav_sidebar.js" failed (2: No such file or directory), client: 172.18.0.1, server: , request: "GET /static/admin/js/nav_sidebar.js HTTP/1.1", host: "localhost", referrer: "http://localhost/admin/login/?next=/admin/"
2022/12/26 09:41:09 [error] 28#28: *48 open() "/static/admin/css/login.css" failed (2: No such file or directory), client: 172.18.0.1, server: , request: "GET /static/admin/css/login.css HTTP/1.1", host: "localhost", referrer: "http://localhost/admin/login/?next=/admin/"
2022/12/26 09:41:09 [error] 28#28: *49 open() "/static/admin/css/responsive.css" failed (2: No such file or directory), client: 172.18.0.1, server: , request: "GET /static/admin/css/responsive.css HTTP/1.1", host: "localhost", referrer: "http://localhost/admin/login/?next=/admin/"
2022/12/26 13:39:55 [notice] 1#1: using the "epoll" event method
2022/12/26 13:39:55 [notice] 1#1: nginx/1.22.1
2022/12/26 13:39:55 [notice] 1#1: built by gcc 10.2.1 20210110 (Debian 10.2.1-6) 
2022/12/26 13:39:55 [notice] 1#1: OS: Linux 5.10.16.3-microsoft-standard-WSL2
2022/12/26 13:39:55 [notice] 1#1: getrlimit(RLIMIT_NOFILE): 1048576:1048576
2022/12/26 13:39:55 [notice] 1#1: start worker processes
2022/12/26 13:39:55 [notice] 1#1: start worker process 28
2022/12/26 13:39:55 [notice] 1#1: start worker process 29
2022/12/26 13:39:55 [notice] 1#1: start worker process 30
2022/12/26 13:39:55 [notice] 1#1: start worker process 31
2022/12/26 13:39:55 [notice] 1#1: start worker process 32
2022/12/26 13:39:55 [notice] 1#1: start worker process 33
2022/12/26 13:39:55 [notice] 1#1: start worker process 34
2022/12/26 13:39:55 [notice] 1#1: start worker process 35
2022/12/26 13:41:54 [notice] 1#1: signal 3 (SIGQUIT) received, shutting down
2022/12/26 13:41:54 [notice] 29#29: gracefully shutting down
2022/12/26 13:41:54 [notice] 28#28: gracefully shutting down
2022/12/26 13:41:54 [notice] 30#30: gracefully shutting down
2022/12/26 13:41:54 [notice] 31#31: gracefully shutting down
2022/12/26 13:41:54 [notice] 32#32: gracefully shutting down
2022/12/26 13:41:54 [notice] 34#34: gracefully shutting down
2022/12/26 13:41:54 [notice] 34#34: exiting
2022/12/26 13:41:54 [notice] 33#33: gracefully shutting down
2022/12/26 13:41:54 [notice] 35#35: gracefully shutting down
2022/12/26 13:41:54 [notice] 35#35: exiting
2022/12/26 13:41:54 [notice] 29#29: exiting
2022/12/26 13:41:54 [notice] 28#28: exiting
2022/12/26 13:41:54 [notice] 28#28: exit
2022/12/26 13:41:54 [notice] 30#30: exiting
2022/12/26 13:41:54 [notice] 30#30: exit
2022/12/26 13:41:54 [notice] 31#31: exiting
2022/12/26 13:41:54 [notice] 32#32: exiting
2022/12/26 13:41:54 [notice] 32#32: exit
2022/12/26 13:41:54 [notice] 34#34: exit
2022/12/26 13:41:54 [notice] 33#33: exiting
2022/12/26 13:41:54 [notice] 35#35: exit
2022/12/26 13:41:54 [notice] 29#29: exit
2022/12/26 13:41:54 [notice] 31#31: exit
2022/12/26 13:41:54 [notice] 33#33: exit
2022/12/26 13:41:55 [notice] 1#1: signal 17 (SIGCHLD) received from 34
2022/12/26 13:41:55 [notice] 1#1: worker process 34 exited with code 0
2022/12/26 13:41:55 [notice] 1#1: signal 29 (SIGIO) received
2022/12/26 13:41:55 [notice] 1#1: signal 17 (SIGCHLD) received from 28
2022/12/26 13:41:55 [notice] 1#1: worker process 28 exited with code 0
2022/12/26 13:41:55 [notice] 1#1: signal 29 (SIGIO) received
2022/12/26 13:41:55 [notice] 1#1: signal 17 (SIGCHLD) received from 33
2022/12/26 13:41:55 [notice] 1#1: worker process 29 exited with code 0
2022/12/26 13:41:55 [notice] 1#1: worker process 33 exited with code 0
2022/12/26 13:41:55 [notice] 1#1: signal 29 (SIGIO) received
2022/12/26 13:41:55 [notice] 1#1: signal 17 (SIGCHLD) received from 32
2022/12/26 13:41:55 [notice] 1#1: worker process 31 exited with code 0
2022/12/26 13:41:55 [notice] 1#1: worker process 32 exited with code 0
2022/12/26 13:41:55 [notice] 1#1: worker process 35 exited with code 0
2022/12/26 13:41:55 [notice] 1#1: signal 29 (SIGIO) received
2022/12/26 13:41:55 [notice] 1#1: signal 17 (SIGCHLD) received from 31
2022/12/26 13:41:55 [notice] 1#1: signal 17 (SIGCHLD) received from 30
2022/12/26 13:41:55 [notice] 1#1: worker process 30 exited with code 0
2022/12/26 13:41:55 [notice] 1#1: exit
2022/12/26 13:42:02 [notice] 1#1: using the "epoll" event method
2022/12/26 13:42:02 [notice] 1#1: nginx/1.22.1
2022/12/26 13:42:02 [notice] 1#1: built by gcc 10.2.1 20210110 (Debian 10.2.1-6) 
2022/12/26 13:42:02 [notice] 1#1: OS: Linux 5.10.16.3-microsoft-standard-WSL2
2022/12/26 13:42:02 [notice] 1#1: getrlimit(RLIMIT_NOFILE): 1048576:1048576
2022/12/26 13:42:02 [notice] 1#1: start worker processes
2022/12/26 13:42:02 [notice] 1#1: start worker process 29
2022/12/26 13:42:02 [notice] 1#1: start worker process 30
2022/12/26 13:42:02 [notice] 1#1: start worker process 31
2022/12/26 13:42:02 [notice] 1#1: start worker process 32
2022/12/26 13:42:02 [notice] 1#1: start worker process 33
2022/12/26 13:42:02 [notice] 1#1: start worker process 34
2022/12/26 13:42:02 [notice] 1#1: start worker process 35
2022/12/26 13:42:02 [notice] 1#1: start worker process 36
2022/12/26 13:44:44 [notice] 1#1: signal 3 (SIGQUIT) received, shutting down
2022/12/26 13:44:44 [notice] 29#29: gracefully shutting down
2022/12/26 13:44:44 [notice] 29#29: exiting
2022/12/26 13:44:44 [notice] 30#30: gracefully shutting down
2022/12/26 13:44:44 [notice] 32#32: gracefully shutting down
2022/12/26 13:44:44 [notice] 31#31: gracefully shutting down
2022/12/26 13:44:44 [notice] 33#33: gracefully shutting down
2022/12/26 13:44:44 [notice] 34#34: gracefully shutting down
2022/12/26 13:44:44 [notice] 35#35: gracefully shutting down
2022/12/26 13:44:44 [notice] 36#36: gracefully shutting down
2022/12/26 13:44:44 [notice] 29#29: exit
2022/12/26 13:44:44 [notice] 30#30: exiting
2022/12/26 13:44:44 [notice] 32#32: exiting
2022/12/26 13:44:44 [notice] 31#31: exiting
2022/12/26 13:44:44 [notice] 33#33: exiting
2022/12/26 13:44:44 [notice] 34#34: exiting
2022/12/26 13:44:44 [notice] 35#35: exiting
2022/12/26 13:44:44 [notice] 36#36: exiting
2022/12/26 13:44:44 [notice] 30#30: exit
2022/12/26 13:44:44 [notice] 32#32: exit
2022/12/26 13:44:44 [notice] 31#31: exit
2022/12/26 13:44:44 [notice] 33#33: exit
2022/12/26 13:44:44 [notice] 34#34: exit
2022/12/26 13:44:44 [notice] 35#35: exit
2022/12/26 13:44:44 [notice] 36#36: exit
2022/12/26 13:44:44 [notice] 1#1: signal 17 (SIGCHLD) received from 36
2022/12/26 13:44:44 [notice] 1#1: worker process 30 exited with code 0
2022/12/26 13:44:44 [notice] 1#1: worker process 31 exited with code 0
2022/12/26 13:44:44 [notice] 1#1: worker process 32 exited with code 0
2022/12/26 13:44:44 [notice] 1#1: worker process 36 exited with code 0
2022/12/26 13:44:44 [notice] 1#1: signal 29 (SIGIO) received
2022/12/26 13:44:44 [notice] 1#1: signal 17 (SIGCHLD) received from 31
2022/12/26 13:44:44 [notice] 1#1: signal 17 (SIGCHLD) received from 35
2022/12/26 13:44:44 [notice] 1#1: worker process 29 exited with code 0
2022/12/26 13:44:44 [notice] 1#1: worker process 33 exited with code 0
2022/12/26 13:44:44 [notice] 1#1: worker process 34 exited with code 0
2022/12/26 13:44:44 [notice] 1#1: worker process 35 exited with code 0
2022/12/26 13:44:44 [notice] 1#1: exit
2022/12/26 13:44:54 [notice] 1#1: using the "epoll" event method
2022/12/26 13:44:54 [notice] 1#1: nginx/1.22.1
2022/12/26 13:44:54 [notice] 1#1: built by gcc 10.2.1 20210110 (Debian 10.2.1-6) 
2022/12/26 13:44:54 [notice] 1#1: OS: Linux 5.10.16.3-microsoft-standard-WSL2
2022/12/26 13:44:54 [notice] 1#1: getrlimit(RLIMIT_NOFILE): 1048576:1048576
2022/12/26 13:44:54 [notice] 1#1: start worker processes
2022/12/26 13:44:54 [notice] 1#1: start worker process 29
2022/12/26 13:44:54 [notice] 1#1: start worker process 30
2022/12/26 13:44:54 [notice] 1#1: start worker process 31
2022/12/26 13:44:54 [notice] 1#1: start worker process 32
2022/12/26 13:44:54 [notice] 1#1: start worker process 33
2022/12/26 13:44:54 [notice] 1#1: start worker process 34
2022/12/26 13:44:54 [notice] 1#1: start worker process 35
2022/12/26 13:44:54 [notice] 1#1: start worker process 36
2022/12/26 13:44:55 [error] 31#31: *4 connect() failed (111: Connection refused) while connecting to upstream, client: 172.18.0.1, server: , request: "GET /ws/chat/kl/ HTTP/1.1", upstream: "http://0.0.0.0:8000/ws/chat/kl/", host: "localhost"
2022/12/26 13:45:05 [error] 32#32: *7 connect() failed (111: Connection refused) while connecting to upstream, client: 172.18.0.1, server: , request: "GET /ws/chat/kl/ HTTP/1.1", upstream: "http://0.0.0.0:8000/ws/chat/kl/", host: "localhost"
2022/12/26 13:45:34 [error] 33#33: *11 connect() failed (111: Connection refused) while connecting to upstream, client: 172.18.0.1, server: , request: "GET /ws/chat/kk/ HTTP/1.1", upstream: "http://0.0.0.0:8000/ws/chat/kk/", host: "localhost"
2022/12/26 14:36:33 [notice] 1#1: signal 3 (SIGQUIT) received, shutting down
2022/12/26 14:36:33 [notice] 29#29: gracefully shutting down
2022/12/26 14:36:33 [notice] 30#30: gracefully shutting down
2022/12/26 14:36:33 [notice] 31#31: gracefully shutting down
2022/12/26 14:36:33 [notice] 32#32: gracefully shutting down
2022/12/26 14:36:33 [notice] 32#32: exiting
2022/12/26 14:36:33 [notice] 33#33: gracefully shutting down
2022/12/26 14:36:33 [notice] 35#35: gracefully shutting down
2022/12/26 14:36:33 [notice] 36#36: gracefully shutting down
2022/12/26 14:36:33 [notice] 34#34: gracefully shutting down
2022/12/26 14:36:33 [notice] 29#29: exiting
2022/12/26 14:36:33 [notice] 30#30: exiting
2022/12/26 14:36:33 [notice] 31#31: exiting
2022/12/26 14:36:33 [notice] 32#32: exit
2022/12/26 14:36:33 [notice] 33#33: exiting
2022/12/26 14:36:33 [notice] 35#35: exiting
2022/12/26 14:36:33 [notice] 36#36: exiting
2022/12/26 14:36:33 [notice] 34#34: exiting
2022/12/26 14:36:33 [notice] 29#29: exit
2022/12/26 14:36:33 [notice] 30#30: exit
2022/12/26 14:36:33 [notice] 31#31: exit
2022/12/26 14:36:33 [notice] 33#33: exit
2022/12/26 14:36:33 [notice] 35#35: exit
2022/12/26 14:36:33 [notice] 36#36: exit
2022/12/26 14:36:33 [notice] 34#34: exit
2022/12/26 14:36:33 [notice] 1#1: signal 17 (SIGCHLD) received from 34
2022/12/26 14:36:33 [notice] 1#1: worker process 31 exited with code 0
2022/12/26 14:36:33 [notice] 1#1: worker process 34 exited with code 0
2022/12/26 14:36:33 [notice] 1#1: worker process 35 exited with code 0
2022/12/26 14:36:33 [notice] 1#1: worker process 36 exited with code 0
2022/12/26 14:36:33 [notice] 1#1: signal 29 (SIGIO) received
2022/12/26 14:36:33 [notice] 1#1: signal 17 (SIGCHLD) received from 31
2022/12/26 14:36:33 [notice] 1#1: signal 17 (SIGCHLD) received from 30
2022/12/26 14:36:33 [notice] 1#1: worker process 30 exited with code 0
2022/12/26 14:36:33 [notice] 1#1: signal 29 (SIGIO) received
2022/12/26 14:36:33 [notice] 1#1: signal 17 (SIGCHLD) received from 32
2022/12/26 14:36:33 [notice] 1#1: worker process 32 exited with code 0
2022/12/26 14:36:33 [notice] 1#1: signal 29 (SIGIO) received
2022/12/26 14:36:33 [notice] 1#1: signal 17 (SIGCHLD) received from 33
2022/12/26 14:36:33 [notice] 1#1: worker process 33 exited with code 0
2022/12/26 14:36:33 [notice] 1#1: signal 29 (SIGIO) received
2022/12/26 14:36:33 [notice] 1#1: signal 17 (SIGCHLD) received from 29
2022/12/26 14:36:33 [notice] 1#1: worker process 29 exited with code 0
2022/12/26 14:36:33 [notice] 1#1: exit
2022/12/26 14:36:44 [notice] 1#1: using the "epoll" event method
2022/12/26 14:36:44 [notice] 1#1: nginx/1.22.1
2022/12/26 14:36:44 [notice] 1#1: built by gcc 10.2.1 20210110 (Debian 10.2.1-6) 
2022/12/26 14:36:44 [notice] 1#1: OS: Linux 5.10.16.3-microsoft-standard-WSL2
2022/12/26 14:36:44 [notice] 1#1: getrlimit(RLIMIT_NOFILE): 1048576:1048576
2022/12/26 14:36:44 [notice] 1#1: start worker processes
2022/12/26 14:36:44 [notice] 1#1: start worker process 28
2022/12/26 14:36:44 [notice] 1#1: start worker process 29
2022/12/26 14:36:44 [notice] 1#1: start worker process 30
2022/12/26 14:36:44 [notice] 1#1: start worker process 31
2022/12/26 14:36:44 [notice] 1#1: start worker process 32
2022/12/26 14:36:44 [notice] 1#1: start worker process 33
2022/12/26 14:36:44 [notice] 1#1: start worker process 34
2022/12/26 14:36:44 [notice] 1#1: start worker process 35
2022/12/26 14:40:15 [notice] 1#1: signal 3 (SIGQUIT) received, shutting down
2022/12/26 14:40:15 [notice] 28#28: gracefully shutting down
2022/12/26 14:40:15 [notice] 29#29: gracefully shutting down
2022/12/26 14:40:15 [notice] 30#30: gracefully shutting down
2022/12/26 14:40:15 [notice] 31#31: gracefully shutting down
2022/12/26 14:40:15 [notice] 32#32: gracefully shutting down
2022/12/26 14:40:15 [notice] 33#33: gracefully shutting down
2022/12/26 14:40:15 [notice] 34#34: gracefully shutting down
2022/12/26 14:40:15 [notice] 35#35: gracefully shutting down
2022/12/26 14:40:15 [notice] 28#28: exiting
2022/12/26 14:40:15 [notice] 29#29: exiting
2022/12/26 14:40:15 [notice] 30#30: exiting
2022/12/26 14:40:15 [notice] 31#31: exiting
2022/12/26 14:40:15 [notice] 32#32: exiting
2022/12/26 14:40:15 [notice] 33#33: exiting
2022/12/26 14:40:15 [notice] 34#34: exiting
2022/12/26 14:40:15 [notice] 35#35: exiting
2022/12/26 14:40:15 [notice] 28#28: exit
2022/12/26 14:40:15 [notice] 29#29: exit
2022/12/26 14:40:15 [notice] 30#30: exit
2022/12/26 14:40:15 [notice] 31#31: exit
2022/12/26 14:40:15 [notice] 32#32: exit
2022/12/26 14:40:15 [notice] 33#33: exit
2022/12/26 14:40:15 [notice] 34#34: exit
2022/12/26 14:40:15 [notice] 35#35: exit
2022/12/26 14:40:15 [notice] 1#1: signal 17 (SIGCHLD) received from 30
2022/12/26 14:40:15 [notice] 1#1: worker process 29 exited with code 0
2022/12/26 14:40:15 [notice] 1#1: worker process 30 exited with code 0
2022/12/26 14:40:15 [notice] 1#1: worker process 31 exited with code 0
2022/12/26 14:40:15 [notice] 1#1: worker process 33 exited with code 0
2022/12/26 14:40:15 [notice] 1#1: worker process 34 exited with code 0
2022/12/26 14:40:15 [notice] 1#1: worker process 35 exited with code 0
2022/12/26 14:40:15 [notice] 1#1: signal 29 (SIGIO) received
2022/12/26 14:40:15 [notice] 1#1: signal 17 (SIGCHLD) received from 29
2022/12/26 14:40:15 [notice] 1#1: signal 17 (SIGCHLD) received from 28
2022/12/26 14:40:15 [notice] 1#1: worker process 28 exited with code 0
2022/12/26 14:40:15 [notice] 1#1: worker process 32 exited with code 0
2022/12/26 14:40:15 [notice] 1#1: exit
2022/12/26 14:40:24 [notice] 1#1: using the "epoll" event method
2022/12/26 14:40:24 [notice] 1#1: nginx/1.22.1
2022/12/26 14:40:24 [notice] 1#1: built by gcc 10.2.1 20210110 (Debian 10.2.1-6) 
2022/12/26 14:40:24 [notice] 1#1: OS: Linux 5.10.16.3-microsoft-standard-WSL2
2022/12/26 14:40:24 [notice] 1#1: getrlimit(RLIMIT_NOFILE): 1048576:1048576
2022/12/26 14:40:24 [notice] 1#1: start worker processes
2022/12/26 14:40:24 [notice] 1#1: start worker process 28
2022/12/26 14:40:24 [notice] 1#1: start worker process 29
2022/12/26 14:40:24 [notice] 1#1: start worker process 30
2022/12/26 14:40:24 [notice] 1#1: start worker process 31
2022/12/26 14:40:24 [notice] 1#1: start worker process 32
2022/12/26 14:40:24 [notice] 1#1: start worker process 33
2022/12/26 14:40:24 [notice] 1#1: start worker process 34
2022/12/26 14:40:24 [notice] 1#1: start worker process 35
2022/12/26 14:41:31 [notice] 1#1: signal 3 (SIGQUIT) received, shutting down
2022/12/26 14:41:31 [notice] 28#28: gracefully shutting down
2022/12/26 14:41:31 [notice] 29#29: gracefully shutting down
2022/12/26 14:41:31 [notice] 30#30: gracefully shutting down
2022/12/26 14:41:31 [notice] 31#31: gracefully shutting down
2022/12/26 14:41:31 [notice] 32#32: gracefully shutting down
2022/12/26 14:41:31 [notice] 33#33: gracefully shutting down
2022/12/26 14:41:31 [notice] 34#34: gracefully shutting down
2022/12/26 14:41:31 [notice] 35#35: gracefully shutting down
2022/12/26 14:41:31 [notice] 28#28: exiting
2022/12/26 14:41:31 [notice] 29#29: exiting
2022/12/26 14:41:31 [notice] 30#30: exiting
2022/12/26 14:41:31 [notice] 31#31: exiting
2022/12/26 14:41:31 [notice] 32#32: exiting
2022/12/26 14:41:31 [notice] 33#33: exiting
2022/12/26 14:41:31 [notice] 34#34: exiting
2022/12/26 14:41:31 [notice] 35#35: exiting
2022/12/26 14:41:31 [notice] 28#28: exit
2022/12/26 14:41:31 [notice] 29#29: exit
2022/12/26 14:41:31 [notice] 30#30: exit
2022/12/26 14:41:31 [notice] 31#31: exit
2022/12/26 14:41:31 [notice] 32#32: exit
2022/12/26 14:41:31 [notice] 33#33: exit
2022/12/26 14:41:31 [notice] 34#34: exit
2022/12/26 14:41:31 [notice] 35#35: exit
2022/12/26 14:41:31 [notice] 1#1: signal 17 (SIGCHLD) received from 33
2022/12/26 14:41:31 [notice] 1#1: worker process 28 exited with code 0
2022/12/26 14:41:31 [notice] 1#1: worker process 30 exited with code 0
2022/12/26 14:41:31 [notice] 1#1: worker process 32 exited with code 0
2022/12/26 14:41:31 [notice] 1#1: worker process 33 exited with code 0
2022/12/26 14:41:31 [notice] 1#1: signal 29 (SIGIO) received
2022/12/26 14:41:31 [notice] 1#1: signal 17 (SIGCHLD) received from 31
2022/12/26 14:41:31 [notice] 1#1: worker process 31 exited with code 0
2022/12/26 14:41:31 [notice] 1#1: signal 29 (SIGIO) received
2022/12/26 14:41:31 [notice] 1#1: signal 17 (SIGCHLD) received from 34
2022/12/26 14:41:31 [notice] 1#1: worker process 34 exited with code 0
2022/12/26 14:41:31 [notice] 1#1: worker process 35 exited with code 0
2022/12/26 14:41:31 [notice] 1#1: signal 29 (SIGIO) received
2022/12/26 14:41:31 [notice] 1#1: signal 17 (SIGCHLD) received from 29
2022/12/26 14:41:31 [notice] 1#1: worker process 29 exited with code 0
2022/12/26 14:41:31 [notice] 1#1: exit
2022/12/26 14:41:39 [notice] 1#1: using the "epoll" event method
2022/12/26 14:41:39 [notice] 1#1: nginx/1.22.1
2022/12/26 14:41:39 [notice] 1#1: built by gcc 10.2.1 20210110 (Debian 10.2.1-6) 
2022/12/26 14:41:39 [notice] 1#1: OS: Linux 5.10.16.3-microsoft-standard-WSL2
2022/12/26 14:41:39 [notice] 1#1: getrlimit(RLIMIT_NOFILE): 1048576:1048576
2022/12/26 14:41:39 [notice] 1#1: start worker processes
2022/12/26 14:41:39 [notice] 1#1: start worker process 28
2022/12/26 14:41:39 [notice] 1#1: start worker process 29
2022/12/26 14:41:39 [notice] 1#1: start worker process 30
2022/12/26 14:41:39 [notice] 1#1: start worker process 31
2022/12/26 14:41:39 [notice] 1#1: start worker process 32
2022/12/26 14:41:39 [notice] 1#1: start worker process 33
2022/12/26 14:41:39 [notice] 1#1: start worker process 34
2022/12/26 14:41:39 [notice] 1#1: start worker process 35
2022/12/26 14:42:50 [notice] 1#1: signal 3 (SIGQUIT) received, shutting down
2022/12/26 14:42:50 [notice] 28#28: gracefully shutting down
2022/12/26 14:42:50 [notice] 29#29: gracefully shutting down
2022/12/26 14:42:50 [notice] 30#30: gracefully shutting down
2022/12/26 14:42:50 [notice] 31#31: gracefully shutting down
2022/12/26 14:42:50 [notice] 32#32: gracefully shutting down
2022/12/26 14:42:50 [notice] 33#33: gracefully shutting down
2022/12/26 14:42:50 [notice] 34#34: gracefully shutting down
2022/12/26 14:42:50 [notice] 35#35: gracefully shutting down
2022/12/26 14:42:50 [notice] 28#28: exiting
2022/12/26 14:42:50 [notice] 29#29: exiting
2022/12/26 14:42:50 [notice] 30#30: exiting
2022/12/26 14:42:50 [notice] 31#31: exiting
2022/12/26 14:42:50 [notice] 32#32: exiting
2022/12/26 14:42:50 [notice] 32#32: exit
2022/12/26 14:42:50 [notice] 33#33: exiting
2022/12/26 14:42:50 [notice] 34#34: exiting
2022/12/26 14:42:50 [notice] 35#35: exiting
2022/12/26 14:42:50 [notice] 28#28: exit
2022/12/26 14:42:50 [notice] 29#29: exit
2022/12/26 14:42:50 [notice] 30#30: exit
2022/12/26 14:42:50 [notice] 31#31: exit
2022/12/26 14:42:50 [notice] 33#33: exit
2022/12/26 14:42:50 [notice] 34#34: exit
2022/12/26 14:42:50 [notice] 35#35: exit
2022/12/26 14:42:50 [notice] 1#1: signal 17 (SIGCHLD) received from 35
2022/12/26 14:42:50 [notice] 1#1: worker process 31 exited with code 0
2022/12/26 14:42:50 [notice] 1#1: worker process 35 exited with code 0
2022/12/26 14:42:50 [notice] 1#1: signal 29 (SIGIO) received
2022/12/26 14:42:50 [notice] 1#1: signal 17 (SIGCHLD) received from 30
2022/12/26 14:42:50 [notice] 1#1: worker process 30 exited with code 0
2022/12/26 14:42:50 [notice] 1#1: worker process 34 exited with code 0
2022/12/26 14:42:50 [notice] 1#1: signal 29 (SIGIO) received
2022/12/26 14:42:50 [notice] 1#1: signal 17 (SIGCHLD) received from 34
2022/12/26 14:42:50 [notice] 1#1: signal 17 (SIGCHLD) received from 33
2022/12/26 14:42:50 [notice] 1#1: worker process 32 exited with code 0
2022/12/26 14:42:50 [notice] 1#1: worker process 33 exited with code 0
2022/12/26 14:42:50 [notice] 1#1: signal 29 (SIGIO) received
2022/12/26 14:42:50 [notice] 1#1: signal 17 (SIGCHLD) received from 28
2022/12/26 14:42:50 [notice] 1#1: worker process 28 exited with code 0
2022/12/26 14:42:50 [notice] 1#1: signal 29 (SIGIO) received
2022/12/26 14:42:50 [notice] 1#1: signal 17 (SIGCHLD) received from 29
2022/12/26 14:42:50 [notice] 1#1: worker process 29 exited with code 0
2022/12/26 14:42:50 [notice] 1#1: exit
2022/12/26 14:42:57 [emerg] 1#1: invalid host in upstream "app:8000/ws/" in /etc/nginx/conf.d/default.conf:7
2022/12/26 14:42:59 [emerg] 1#1: invalid host in upstream "app:8000/ws/" in /etc/nginx/conf.d/default.conf:7
2022/12/26 14:43:01 [emerg] 1#1: invalid host in upstream "app:8000/ws/" in /etc/nginx/conf.d/default.conf:7
2022/12/26 14:43:03 [emerg] 1#1: invalid host in upstream "app:8000/ws/" in /etc/nginx/conf.d/default.conf:7
2022/12/26 14:43:05 [emerg] 1#1: invalid host in upstream "app:8000/ws/" in /etc/nginx/conf.d/default.conf:7
2022/12/26 14:43:09 [emerg] 1#1: invalid host in upstream "app:8000/ws/" in /etc/nginx/conf.d/default.conf:7
2022/12/26 14:43:13 [emerg] 1#1: invalid host in upstream "app:8000/ws/" in /etc/nginx/conf.d/default.conf:7
2022/12/26 14:49:35 [notice] 1#1: using the "epoll" event method
2022/12/26 14:49:35 [notice] 1#1: nginx/1.22.1
2022/12/26 14:49:35 [notice] 1#1: built by gcc 10.2.1 20210110 (Debian 10.2.1-6) 
2022/12/26 14:49:35 [notice] 1#1: OS: Linux 5.10.16.3-microsoft-standard-WSL2
2022/12/26 14:49:35 [notice] 1#1: getrlimit(RLIMIT_NOFILE): 1048576:1048576
2022/12/26 14:49:35 [notice] 1#1: start worker processes
2022/12/26 14:49:35 [notice] 1#1: start worker process 28
2022/12/26 14:49:35 [notice] 1#1: start worker process 29
2022/12/26 14:49:35 [notice] 1#1: start worker process 30
2022/12/26 14:49:35 [notice] 1#1: start worker process 31
2022/12/26 14:49:35 [notice] 1#1: start worker process 32
2022/12/26 14:49:35 [notice] 1#1: start worker process 33
2022/12/26 14:49:35 [notice] 1#1: start worker process 34
2022/12/26 14:49:35 [notice] 1#1: start worker process 35
2022/12/26 15:26:45 [notice] 1#1: signal 3 (SIGQUIT) received, shutting down
2022/12/26 15:26:45 [notice] 29#29: gracefully shutting down
2022/12/26 15:26:45 [notice] 30#30: gracefully shutting down
2022/12/26 15:26:45 [notice] 28#28: gracefully shutting down
2022/12/26 15:26:45 [notice] 28#28: exiting
2022/12/26 15:26:45 [notice] 31#31: gracefully shutting down
2022/12/26 15:26:45 [notice] 32#32: gracefully shutting down
2022/12/26 15:26:45 [notice] 33#33: gracefully shutting down
2022/12/26 15:26:45 [notice] 34#34: gracefully shutting down
2022/12/26 15:26:45 [notice] 35#35: gracefully shutting down
2022/12/26 15:26:45 [notice] 29#29: exiting
2022/12/26 15:26:45 [notice] 30#30: exiting
2022/12/26 15:26:45 [notice] 28#28: exit
2022/12/26 15:26:45 [notice] 31#31: exiting
2022/12/26 15:26:45 [notice] 32#32: exiting
2022/12/26 15:26:45 [notice] 33#33: exiting
2022/12/26 15:26:45 [notice] 34#34: exiting
2022/12/26 15:26:45 [notice] 35#35: exiting
2022/12/26 15:26:45 [notice] 29#29: exit
2022/12/26 15:26:45 [notice] 30#30: exit
2022/12/26 15:26:45 [notice] 31#31: exit
2022/12/26 15:26:45 [notice] 32#32: exit
2022/12/26 15:26:45 [notice] 33#33: exit
2022/12/26 15:26:45 [notice] 34#34: exit
2022/12/26 15:26:45 [notice] 35#35: exit
2022/12/26 15:26:45 [notice] 1#1: signal 17 (SIGCHLD) received from 28
2022/12/26 15:26:45 [notice] 1#1: worker process 28 exited with code 0
2022/12/26 15:26:45 [notice] 1#1: worker process 29 exited with code 0
2022/12/26 15:26:45 [notice] 1#1: worker process 35 exited with code 0
2022/12/26 15:26:45 [notice] 1#1: signal 29 (SIGIO) received
2022/12/26 15:26:45 [notice] 1#1: signal 17 (SIGCHLD) received from 35
2022/12/26 15:26:45 [notice] 1#1: signal 17 (SIGCHLD) received from 32
2022/12/26 15:26:45 [notice] 1#1: worker process 30 exited with code 0
2022/12/26 15:26:45 [notice] 1#1: worker process 31 exited with code 0
2022/12/26 15:26:45 [notice] 1#1: worker process 32 exited with code 0
2022/12/26 15:26:45 [notice] 1#1: worker process 33 exited with code 0
2022/12/26 15:26:45 [notice] 1#1: worker process 34 exited with code 0
2022/12/26 15:26:45 [notice] 1#1: exit
2022/12/26 15:26:54 [emerg] 1#1: invalid URL prefix in /etc/nginx/conf.d/default.conf:26
2022/12/26 15:26:56 [emerg] 1#1: invalid URL prefix in /etc/nginx/conf.d/default.conf:26
2022/12/26 15:26:58 [emerg] 1#1: invalid URL prefix in /etc/nginx/conf.d/default.conf:26
2022/12/26 15:27:00 [emerg] 1#1: invalid URL prefix in /etc/nginx/conf.d/default.conf:26
2022/12/26 15:27:02 [emerg] 1#1: invalid URL prefix in /etc/nginx/conf.d/default.conf:26
2022/12/26 15:27:05 [emerg] 1#1: invalid URL prefix in /etc/nginx/conf.d/default.conf:26
2022/12/26 15:34:18 [notice] 1#1: using the "epoll" event method
2022/12/26 15:34:18 [notice] 1#1: nginx/1.22.1
2022/12/26 15:34:18 [notice] 1#1: built by gcc 10.2.1 20210110 (Debian 10.2.1-6) 
2022/12/26 15:34:18 [notice] 1#1: OS: Linux 5.10.16.3-microsoft-standard-WSL2
2022/12/26 15:34:18 [notice] 1#1: getrlimit(RLIMIT_NOFILE): 1048576:1048576
2022/12/26 15:34:18 [notice] 1#1: start worker processes
2022/12/26 15:34:18 [notice] 1#1: start worker process 28
2022/12/26 15:34:18 [notice] 1#1: start worker process 29
2022/12/26 15:34:18 [notice] 1#1: start worker process 30
2022/12/26 15:34:18 [notice] 1#1: start worker process 31
2022/12/26 15:34:18 [notice] 1#1: start worker process 32
2022/12/26 15:34:18 [notice] 1#1: start worker process 33
2022/12/26 15:34:18 [notice] 1#1: start worker process 34
2022/12/26 15:34:18 [notice] 1#1: start worker process 35
2022/12/26 15:35:20 [notice] 1#1: signal 3 (SIGQUIT) received, shutting down
2022/12/26 15:35:20 [notice] 29#29: gracefully shutting down
2022/12/26 15:35:20 [notice] 28#28: gracefully shutting down
2022/12/26 15:35:20 [notice] 30#30: gracefully shutting down
2022/12/26 15:35:20 [notice] 31#31: gracefully shutting down
2022/12/26 15:35:20 [notice] 31#31: exiting
2022/12/26 15:35:20 [notice] 33#33: gracefully shutting down
2022/12/26 15:35:20 [notice] 32#32: gracefully shutting down
2022/12/26 15:35:20 [notice] 34#34: gracefully shutting down
2022/12/26 15:35:20 [notice] 35#35: gracefully shutting down
2022/12/26 15:35:20 [notice] 28#28: exiting
2022/12/26 15:35:20 [notice] 30#30: exiting
2022/12/26 15:35:20 [notice] 31#31: exit
2022/12/26 15:35:20 [notice] 33#33: exiting
2022/12/26 15:35:20 [notice] 32#32: exiting
2022/12/26 15:35:20 [notice] 34#34: exiting
2022/12/26 15:35:20 [notice] 35#35: exiting
2022/12/26 15:35:20 [notice] 28#28: exit
2022/12/26 15:35:20 [notice] 30#30: exit
2022/12/26 15:35:20 [notice] 33#33: exit
2022/12/26 15:35:20 [notice] 32#32: exit
2022/12/26 15:35:20 [notice] 34#34: exit
2022/12/26 15:35:20 [notice] 35#35: exit
2022/12/26 15:35:21 [notice] 1#1: signal 17 (SIGCHLD) received from 33
2022/12/26 15:35:21 [notice] 1#1: worker process 28 exited with code 0
2022/12/26 15:35:21 [notice] 1#1: worker process 33 exited with code 0
2022/12/26 15:35:21 [notice] 1#1: signal 29 (SIGIO) received
2022/12/26 15:35:21 [notice] 1#1: signal 17 (SIGCHLD) received from 30
2022/12/26 15:35:21 [notice] 1#1: worker process 30 exited with code 0
2022/12/26 15:35:21 [notice] 1#1: signal 29 (SIGIO) received
2022/12/26 15:35:21 [notice] 1#1: signal 17 (SIGCHLD) received from 34
2022/12/26 15:35:21 [notice] 1#1: worker process 34 exited with code 0
2022/12/26 15:35:21 [notice] 1#1: signal 29 (SIGIO) received
2022/12/26 15:35:21 [notice] 1#1: signal 17 (SIGCHLD) received from 31
2022/12/26 15:35:21 [notice] 1#1: worker process 31 exited with code 0
2022/12/26 15:35:21 [notice] 1#1: worker process 32 exited with code 0
2022/12/26 15:35:21 [notice] 1#1: signal 29 (SIGIO) received
2022/12/26 15:35:21 [notice] 1#1: signal 17 (SIGCHLD) received from 35
2022/12/26 15:35:21 [notice] 1#1: worker process 35 exited with code 0
2022/12/26 15:35:21 [notice] 1#1: signal 29 (SIGIO) received
2022/12/26 15:35:23 [notice] 29#29: exiting
2022/12/26 15:35:23 [notice] 29#29: exit
2022/12/26 15:35:23 [notice] 1#1: signal 17 (SIGCHLD) received from 29
2022/12/26 15:35:23 [notice] 1#1: worker process 29 exited with code 0
2022/12/26 15:35:23 [notice] 1#1: exit
2022/12/26 15:35:31 [notice] 1#1: using the "epoll" event method
2022/12/26 15:35:31 [notice] 1#1: nginx/1.22.1
2022/12/26 15:35:31 [notice] 1#1: built by gcc 10.2.1 20210110 (Debian 10.2.1-6) 
2022/12/26 15:35:31 [notice] 1#1: OS: Linux 5.10.16.3-microsoft-standard-WSL2
2022/12/26 15:35:31 [notice] 1#1: getrlimit(RLIMIT_NOFILE): 1048576:1048576
2022/12/26 15:35:31 [notice] 1#1: start worker processes
2022/12/26 15:35:31 [notice] 1#1: start worker process 28
2022/12/26 15:35:31 [notice] 1#1: start worker process 29
2022/12/26 15:35:31 [notice] 1#1: start worker process 30
2022/12/26 15:35:31 [notice] 1#1: start worker process 31
2022/12/26 15:35:31 [notice] 1#1: start worker process 32
2022/12/26 15:35:31 [notice] 1#1: start worker process 33
2022/12/26 15:35:31 [notice] 1#1: start worker process 34
2022/12/26 15:35:31 [notice] 1#1: start worker process 35
2022/12/26 15:41:04 [notice] 1#1: signal 3 (SIGQUIT) received, shutting down
2022/12/26 15:41:04 [notice] 28#28: gracefully shutting down
2022/12/26 15:41:04 [notice] 29#29: gracefully shutting down
2022/12/26 15:41:04 [notice] 30#30: gracefully shutting down
2022/12/26 15:41:04 [notice] 32#32: gracefully shutting down
2022/12/26 15:41:04 [notice] 31#31: gracefully shutting down
2022/12/26 15:41:04 [notice] 33#33: gracefully shutting down
2022/12/26 15:41:04 [notice] 35#35: gracefully shutting down
2022/12/26 15:41:04 [notice] 34#34: gracefully shutting down
2022/12/26 15:41:04 [notice] 28#28: exiting
2022/12/26 15:41:04 [notice] 29#29: exiting
2022/12/26 15:41:04 [notice] 30#30: exiting
2022/12/26 15:41:04 [notice] 32#32: exiting
2022/12/26 15:41:04 [notice] 31#31: exiting
2022/12/26 15:41:04 [notice] 33#33: exiting
2022/12/26 15:41:04 [notice] 35#35: exiting
2022/12/26 15:41:04 [notice] 34#34: exiting
2022/12/26 15:41:04 [notice] 28#28: exit
2022/12/26 15:41:04 [notice] 29#29: exit
2022/12/26 15:41:04 [notice] 30#30: exit
2022/12/26 15:41:04 [notice] 32#32: exit
2022/12/26 15:41:04 [notice] 31#31: exit
2022/12/26 15:41:04 [notice] 33#33: exit
2022/12/26 15:41:04 [notice] 35#35: exit
2022/12/26 15:41:04 [notice] 34#34: exit
2022/12/26 15:41:04 [notice] 1#1: signal 17 (SIGCHLD) received from 34
2022/12/26 15:41:04 [notice] 1#1: worker process 34 exited with code 0
2022/12/26 15:41:04 [notice] 1#1: signal 29 (SIGIO) received
2022/12/26 15:41:04 [notice] 1#1: signal 17 (SIGCHLD) received from 30
2022/12/26 15:41:04 [notice] 1#1: worker process 28 exited with code 0
2022/12/26 15:41:04 [notice] 1#1: worker process 29 exited with code 0
2022/12/26 15:41:04 [notice] 1#1: worker process 30 exited with code 0
2022/12/26 15:41:04 [notice] 1#1: worker process 31 exited with code 0
2022/12/26 15:41:04 [notice] 1#1: worker process 32 exited with code 0
2022/12/26 15:41:04 [notice] 1#1: signal 29 (SIGIO) received
2022/12/26 15:41:04 [notice] 1#1: signal 17 (SIGCHLD) received from 31
2022/12/26 15:41:04 [notice] 1#1: signal 17 (SIGCHLD) received from 35
2022/12/26 15:41:04 [notice] 1#1: worker process 35 exited with code 0
2022/12/26 15:41:04 [notice] 1#1: signal 29 (SIGIO) received
2022/12/26 15:41:04 [notice] 1#1: signal 17 (SIGCHLD) received from 33
2022/12/26 15:41:04 [notice] 1#1: worker process 33 exited with code 0
2022/12/26 15:41:04 [notice] 1#1: exit
2022/12/26 15:41:17 [notice] 1#1: using the "epoll" event method
2022/12/26 15:41:17 [notice] 1#1: nginx/1.22.1
2022/12/26 15:41:17 [notice] 1#1: built by gcc 10.2.1 20210110 (Debian 10.2.1-6) 
2022/12/26 15:41:17 [notice] 1#1: OS: Linux 5.10.16.3-microsoft-standard-WSL2
2022/12/26 15:41:17 [notice] 1#1: getrlimit(RLIMIT_NOFILE): 1048576:1048576
2022/12/26 15:41:17 [notice] 1#1: start worker processes
2022/12/26 15:41:17 [notice] 1#1: start worker process 28
2022/12/26 15:41:17 [notice] 1#1: start worker process 29
2022/12/26 15:41:17 [notice] 1#1: start worker process 30
2022/12/26 15:41:17 [notice] 1#1: start worker process 31
2022/12/26 15:41:17 [notice] 1#1: start worker process 32
2022/12/26 15:41:17 [notice] 1#1: start worker process 33
2022/12/26 15:41:17 [notice] 1#1: start worker process 34
2022/12/26 15:41:17 [notice] 1#1: start worker process 35
2022/12/26 15:42:25 [notice] 1#1: signal 3 (SIGQUIT) received, shutting down
2022/12/26 15:42:25 [notice] 29#29: gracefully shutting down
2022/12/26 15:42:25 [notice] 28#28: gracefully shutting down
2022/12/26 15:42:25 [notice] 32#32: gracefully shutting down
2022/12/26 15:42:25 [notice] 35#35: gracefully shutting down
2022/12/26 15:42:25 [notice] 33#33: gracefully shutting down
2022/12/26 15:42:25 [notice] 34#34: gracefully shutting down
2022/12/26 15:42:25 [notice] 30#30: gracefully shutting down
2022/12/26 15:42:25 [notice] 31#31: gracefully shutting down
2022/12/26 15:42:25 [notice] 31#31: exiting
2022/12/26 15:42:25 [notice] 29#29: exiting
2022/12/26 15:42:25 [notice] 28#28: exiting
2022/12/26 15:42:25 [notice] 32#32: exiting
2022/12/26 15:42:25 [notice] 35#35: exiting
2022/12/26 15:42:25 [notice] 33#33: exiting
2022/12/26 15:42:25 [notice] 34#34: exiting
2022/12/26 15:42:25 [notice] 30#30: exiting
2022/12/26 15:42:25 [notice] 31#31: exit
2022/12/26 15:42:25 [notice] 29#29: exit
2022/12/26 15:42:25 [notice] 28#28: exit
2022/12/26 15:42:25 [notice] 32#32: exit
2022/12/26 15:42:25 [notice] 35#35: exit
2022/12/26 15:42:25 [notice] 33#33: exit
2022/12/26 15:42:25 [notice] 34#34: exit
2022/12/26 15:42:25 [notice] 30#30: exit
2022/12/26 15:42:25 [notice] 1#1: signal 17 (SIGCHLD) received from 33
2022/12/26 15:42:25 [notice] 1#1: worker process 28 exited with code 0
2022/12/26 15:42:25 [notice] 1#1: worker process 29 exited with code 0
2022/12/26 15:42:25 [notice] 1#1: worker process 30 exited with code 0
2022/12/26 15:42:25 [notice] 1#1: worker process 33 exited with code 0
2022/12/26 15:42:25 [notice] 1#1: worker process 35 exited with code 0
2022/12/26 15:42:25 [notice] 1#1: signal 29 (SIGIO) received
2022/12/26 15:42:25 [notice] 1#1: signal 17 (SIGCHLD) received from 35
2022/12/26 15:42:25 [notice] 1#1: signal 17 (SIGCHLD) received from 32
2022/12/26 15:42:25 [notice] 1#1: worker process 31 exited with code 0
2022/12/26 15:42:25 [notice] 1#1: worker process 32 exited with code 0
2022/12/26 15:42:25 [notice] 1#1: worker process 34 exited with code 0
2022/12/26 15:42:25 [notice] 1#1: exit
2022/12/26 15:42:32 [notice] 1#1: using the "epoll" event method
2022/12/26 15:42:32 [notice] 1#1: nginx/1.22.1
2022/12/26 15:42:32 [notice] 1#1: built by gcc 10.2.1 20210110 (Debian 10.2.1-6) 
2022/12/26 15:42:32 [notice] 1#1: OS: Linux 5.10.16.3-microsoft-standard-WSL2
2022/12/26 15:42:32 [notice] 1#1: getrlimit(RLIMIT_NOFILE): 1048576:1048576
2022/12/26 15:42:32 [notice] 1#1: start worker processes
2022/12/26 15:42:32 [notice] 1#1: start worker process 28
2022/12/26 15:42:32 [notice] 1#1: start worker process 29
2022/12/26 15:42:32 [notice] 1#1: start worker process 30
2022/12/26 15:42:32 [notice] 1#1: start worker process 31
2022/12/26 15:42:32 [notice] 1#1: start worker process 32
2022/12/26 15:42:32 [notice] 1#1: start worker process 33
2022/12/26 15:42:32 [notice] 1#1: start worker process 34
2022/12/26 15:42:32 [notice] 1#1: start worker process 35
2022/12/26 15:51:19 [notice] 1#1: signal 3 (SIGQUIT) received, shutting down
2022/12/26 15:51:19 [notice] 28#28: gracefully shutting down
2022/12/26 15:51:19 [notice] 29#29: gracefully shutting down
2022/12/26 15:51:19 [notice] 30#30: gracefully shutting down
2022/12/26 15:51:19 [notice] 32#32: gracefully shutting down
2022/12/26 15:51:19 [notice] 31#31: gracefully shutting down
2022/12/26 15:51:19 [notice] 34#34: gracefully shutting down
2022/12/26 15:51:19 [notice] 33#33: gracefully shutting down
2022/12/26 15:51:19 [notice] 35#35: gracefully shutting down
2022/12/26 15:51:19 [notice] 35#35: exiting
2022/12/26 15:51:19 [notice] 28#28: exiting
2022/12/26 15:51:19 [notice] 29#29: exiting
2022/12/26 15:51:19 [notice] 30#30: exiting
2022/12/26 15:51:19 [notice] 32#32: exiting
2022/12/26 15:51:19 [notice] 32#32: exit
2022/12/26 15:51:19 [notice] 31#31: exiting
2022/12/26 15:51:19 [notice] 34#34: exiting
2022/12/26 15:51:19 [notice] 33#33: exiting
2022/12/26 15:51:19 [notice] 35#35: exit
2022/12/26 15:51:19 [notice] 28#28: exit
2022/12/26 15:51:19 [notice] 29#29: exit
2022/12/26 15:51:19 [notice] 30#30: exit
2022/12/26 15:51:19 [notice] 31#31: exit
2022/12/26 15:51:19 [notice] 34#34: exit
2022/12/26 15:51:19 [notice] 33#33: exit
2022/12/26 15:51:19 [notice] 1#1: signal 17 (SIGCHLD) received from 29
2022/12/26 15:51:19 [notice] 1#1: worker process 29 exited with code 0
2022/12/26 15:51:19 [notice] 1#1: worker process 32 exited with code 0
2022/12/26 15:51:19 [notice] 1#1: signal 29 (SIGIO) received
2022/12/26 15:51:19 [notice] 1#1: signal 17 (SIGCHLD) received from 35
2022/12/26 15:51:19 [notice] 1#1: worker process 30 exited with code 0
2022/12/26 15:51:19 [notice] 1#1: worker process 31 exited with code 0
2022/12/26 15:51:19 [notice] 1#1: worker process 33 exited with code 0
2022/12/26 15:51:19 [notice] 1#1: worker process 35 exited with code 0
2022/12/26 15:51:19 [notice] 1#1: signal 29 (SIGIO) received
2022/12/26 15:51:19 [notice] 1#1: signal 17 (SIGCHLD) received from 30
2022/12/26 15:51:19 [notice] 1#1: signal 17 (SIGCHLD) received from 28
2022/12/26 15:51:19 [notice] 1#1: worker process 28 exited with code 0
2022/12/26 15:51:19 [notice] 1#1: worker process 34 exited with code 0
2022/12/26 15:51:19 [notice] 1#1: exit
2022/12/26 15:51:27 [notice] 1#1: using the "epoll" event method
2022/12/26 15:51:27 [notice] 1#1: nginx/1.22.1
2022/12/26 15:51:27 [notice] 1#1: built by gcc 10.2.1 20210110 (Debian 10.2.1-6) 
2022/12/26 15:51:27 [notice] 1#1: OS: Linux 5.10.16.3-microsoft-standard-WSL2
2022/12/26 15:51:27 [notice] 1#1: getrlimit(RLIMIT_NOFILE): 1048576:1048576
2022/12/26 15:51:27 [notice] 1#1: start worker processes
2022/12/26 15:51:27 [notice] 1#1: start worker process 28
2022/12/26 15:51:27 [notice] 1#1: start worker process 29
2022/12/26 15:51:27 [notice] 1#1: start worker process 30
2022/12/26 15:51:27 [notice] 1#1: start worker process 31
2022/12/26 15:51:27 [notice] 1#1: start worker process 32
2022/12/26 15:51:27 [notice] 1#1: start worker process 33
2022/12/26 15:51:27 [notice] 1#1: start worker process 34
2022/12/26 15:51:27 [notice] 1#1: start worker process 35
2022/12/26 16:04:35 [notice] 1#1: signal 3 (SIGQUIT) received, shutting down
2022/12/26 16:04:35 [notice] 28#28: gracefully shutting down
2022/12/26 16:04:35 [notice] 28#28: exiting
2022/12/26 16:04:35 [notice] 29#29: gracefully shutting down
2022/12/26 16:04:35 [notice] 30#30: gracefully shutting down
2022/12/26 16:04:35 [notice] 31#31: gracefully shutting down
2022/12/26 16:04:35 [notice] 32#32: gracefully shutting down
2022/12/26 16:04:35 [notice] 33#33: gracefully shutting down
2022/12/26 16:04:35 [notice] 34#34: gracefully shutting down
2022/12/26 16:04:35 [notice] 35#35: gracefully shutting down
2022/12/26 16:04:35 [notice] 28#28: exit
2022/12/26 16:04:35 [notice] 29#29: exiting
2022/12/26 16:04:35 [notice] 32#32: exiting
2022/12/26 16:04:35 [notice] 33#33: exiting
2022/12/26 16:04:35 [notice] 34#34: exiting
2022/12/26 16:04:35 [notice] 35#35: exiting
2022/12/26 16:04:35 [notice] 29#29: exit
2022/12/26 16:04:35 [notice] 32#32: exit
2022/12/26 16:04:35 [notice] 33#33: exit
2022/12/26 16:04:35 [notice] 34#34: exit
2022/12/26 16:04:35 [notice] 35#35: exit
2022/12/26 16:04:35 [notice] 1#1: signal 17 (SIGCHLD) received from 35
2022/12/26 16:04:35 [notice] 1#1: worker process 28 exited with code 0
2022/12/26 16:04:35 [notice] 1#1: worker process 32 exited with code 0
2022/12/26 16:04:35 [notice] 1#1: worker process 34 exited with code 0
2022/12/26 16:04:35 [notice] 1#1: worker process 35 exited with code 0
2022/12/26 16:04:35 [notice] 1#1: signal 29 (SIGIO) received
2022/12/26 16:04:35 [notice] 1#1: signal 17 (SIGCHLD) received from 32
2022/12/26 16:04:35 [notice] 1#1: signal 17 (SIGCHLD) received from 29
2022/12/26 16:04:35 [notice] 1#1: worker process 29 exited with code 0
2022/12/26 16:04:35 [notice] 1#1: signal 29 (SIGIO) received
2022/12/26 16:04:35 [notice] 1#1: signal 17 (SIGCHLD) received from 33
2022/12/26 16:04:35 [notice] 1#1: worker process 33 exited with code 0
2022/12/26 16:04:36 [notice] 1#1: signal 29 (SIGIO) received
2022/12/26 16:04:55 [notice] 1#1: using the "epoll" event method
2022/12/26 16:04:55 [notice] 1#1: nginx/1.22.1
2022/12/26 16:04:55 [notice] 1#1: built by gcc 10.2.1 20210110 (Debian 10.2.1-6) 
2022/12/26 16:04:55 [notice] 1#1: OS: Linux 5.10.16.3-microsoft-standard-WSL2
2022/12/26 16:04:55 [notice] 1#1: getrlimit(RLIMIT_NOFILE): 1048576:1048576
2022/12/26 16:04:55 [notice] 1#1: start worker processes
2022/12/26 16:04:55 [notice] 1#1: start worker process 28
2022/12/26 16:04:55 [notice] 1#1: start worker process 29
2022/12/26 16:04:55 [notice] 1#1: start worker process 30
2022/12/26 16:04:55 [notice] 1#1: start worker process 31
2022/12/26 16:04:55 [notice] 1#1: start worker process 32
2022/12/26 16:04:55 [notice] 1#1: start worker process 33
2022/12/26 16:04:55 [notice] 1#1: start worker process 34
2022/12/26 16:04:55 [notice] 1#1: start worker process 35
2022/12/26 16:05:18 [notice] 1#1: signal 3 (SIGQUIT) received, shutting down
2022/12/26 16:05:18 [notice] 29#29: gracefully shutting down
2022/12/26 16:05:18 [notice] 30#30: gracefully shutting down
2022/12/26 16:05:18 [notice] 30#30: exiting
2022/12/26 16:05:18 [notice] 31#31: gracefully shutting down
2022/12/26 16:05:18 [notice] 31#31: exiting
2022/12/26 16:05:18 [notice] 28#28: gracefully shutting down
2022/12/26 16:05:18 [notice] 32#32: gracefully shutting down
2022/12/26 16:05:18 [notice] 33#33: gracefully shutting down
2022/12/26 16:05:18 [notice] 34#34: gracefully shutting down
2022/12/26 16:05:18 [notice] 35#35: gracefully shutting down
2022/12/26 16:05:18 [notice] 30#30: exit
2022/12/26 16:05:18 [notice] 31#31: exit
2022/12/26 16:05:18 [notice] 28#28: exiting
2022/12/26 16:05:18 [notice] 32#32: exiting
2022/12/26 16:05:18 [notice] 33#33: exiting
2022/12/26 16:05:18 [notice] 34#34: exiting
2022/12/26 16:05:18 [notice] 35#35: exiting
2022/12/26 16:05:18 [notice] 28#28: exit
2022/12/26 16:05:18 [notice] 32#32: exit
2022/12/26 16:05:18 [notice] 33#33: exit
2022/12/26 16:05:18 [notice] 34#34: exit
2022/12/26 16:05:18 [notice] 35#35: exit
2022/12/26 16:05:18 [notice] 1#1: signal 17 (SIGCHLD) received from 30
2022/12/26 16:05:18 [notice] 1#1: worker process 30 exited with code 0
2022/12/26 16:05:18 [notice] 1#1: worker process 31 exited with code 0
2022/12/26 16:05:18 [notice] 1#1: signal 29 (SIGIO) received
2022/12/26 16:05:18 [notice] 1#1: signal 17 (SIGCHLD) received from 34
2022/12/26 16:05:18 [notice] 1#1: worker process 28 exited with code 0
2022/12/26 16:05:18 [notice] 1#1: worker process 34 exited with code 0
2022/12/26 16:05:18 [notice] 1#1: worker process 35 exited with code 0
2022/12/26 16:05:18 [notice] 1#1: signal 29 (SIGIO) received
2022/12/26 16:05:18 [notice] 1#1: signal 17 (SIGCHLD) received from 33
2022/12/26 16:05:18 [notice] 1#1: worker process 32 exited with code 0
2022/12/26 16:05:18 [notice] 1#1: worker process 33 exited with code 0
2022/12/26 16:05:18 [notice] 1#1: signal 29 (SIGIO) received
2022/12/26 16:05:37 [notice] 1#1: using the "epoll" event method
2022/12/26 16:05:37 [notice] 1#1: nginx/1.22.1
2022/12/26 16:05:37 [notice] 1#1: built by gcc 10.2.1 20210110 (Debian 10.2.1-6) 
2022/12/26 16:05:37 [notice] 1#1: OS: Linux 5.10.16.3-microsoft-standard-WSL2
2022/12/26 16:05:37 [notice] 1#1: getrlimit(RLIMIT_NOFILE): 1048576:1048576
2022/12/26 16:05:37 [notice] 1#1: start worker processes
2022/12/26 16:05:37 [notice] 1#1: start worker process 28
2022/12/26 16:05:37 [notice] 1#1: start worker process 29
2022/12/26 16:05:37 [notice] 1#1: start worker process 30
2022/12/26 16:05:37 [notice] 1#1: start worker process 31
2022/12/26 16:05:37 [notice] 1#1: start worker process 32
2022/12/26 16:05:37 [notice] 1#1: start worker process 33
2022/12/26 16:05:37 [notice] 1#1: start worker process 34
2022/12/26 16:05:37 [notice] 1#1: start worker process 35
2022/12/26 16:06:19 [notice] 1#1: signal 3 (SIGQUIT) received, shutting down
2022/12/26 16:06:19 [notice] 28#28: gracefully shutting down
2022/12/26 16:06:19 [notice] 30#30: gracefully shutting down
2022/12/26 16:06:19 [notice] 29#29: gracefully shutting down
2022/12/26 16:06:19 [notice] 31#31: gracefully shutting down
2022/12/26 16:06:19 [notice] 32#32: gracefully shutting down
2022/12/26 16:06:19 [notice] 33#33: gracefully shutting down
2022/12/26 16:06:19 [notice] 34#34: gracefully shutting down
2022/12/26 16:06:19 [notice] 34#34: exiting
2022/12/26 16:06:19 [notice] 35#35: gracefully shutting down
2022/12/26 16:06:19 [notice] 28#28: exiting
2022/12/26 16:06:19 [notice] 32#32: exiting
2022/12/26 16:06:19 [notice] 33#33: exiting
2022/12/26 16:06:19 [notice] 34#34: exit
2022/12/26 16:06:19 [notice] 35#35: exiting
2022/12/26 16:06:19 [notice] 28#28: exit
2022/12/26 16:06:19 [notice] 32#32: exit
2022/12/26 16:06:19 [notice] 33#33: exit
2022/12/26 16:06:19 [notice] 35#35: exit
2022/12/26 16:06:20 [notice] 1#1: signal 17 (SIGCHLD) received from 33
2022/12/26 16:06:20 [notice] 1#1: worker process 33 exited with code 0
2022/12/26 16:06:20 [notice] 1#1: signal 29 (SIGIO) received
2022/12/26 16:06:20 [notice] 1#1: signal 17 (SIGCHLD) received from 34
2022/12/26 16:06:20 [notice] 1#1: worker process 28 exited with code 0
2022/12/26 16:06:20 [notice] 1#1: worker process 32 exited with code 0
2022/12/26 16:06:20 [notice] 1#1: worker process 34 exited with code 0
2022/12/26 16:06:20 [notice] 1#1: signal 29 (SIGIO) received
2022/12/26 16:06:20 [notice] 1#1: signal 17 (SIGCHLD) received from 32
2022/12/26 16:06:20 [notice] 1#1: signal 17 (SIGCHLD) received from 35
2022/12/26 16:06:20 [notice] 1#1: worker process 35 exited with code 0
2022/12/26 16:06:20 [notice] 1#1: signal 29 (SIGIO) received
2022/12/26 16:06:38 [notice] 1#1: using the "epoll" event method
2022/12/26 16:06:38 [notice] 1#1: nginx/1.22.1
2022/12/26 16:06:38 [notice] 1#1: built by gcc 10.2.1 20210110 (Debian 10.2.1-6) 
2022/12/26 16:06:38 [notice] 1#1: OS: Linux 5.10.16.3-microsoft-standard-WSL2
2022/12/26 16:06:38 [notice] 1#1: getrlimit(RLIMIT_NOFILE): 1048576:1048576
2022/12/26 16:06:38 [notice] 1#1: start worker processes
2022/12/26 16:06:38 [notice] 1#1: start worker process 28
2022/12/26 16:06:38 [notice] 1#1: start worker process 29
2022/12/26 16:06:38 [notice] 1#1: start worker process 30
2022/12/26 16:06:38 [notice] 1#1: start worker process 31
2022/12/26 16:06:38 [notice] 1#1: start worker process 32
2022/12/26 16:06:38 [notice] 1#1: start worker process 33
2022/12/26 16:06:38 [notice] 1#1: start worker process 34
2022/12/26 16:06:38 [notice] 1#1: start worker process 35
2022/12/31 08:51:22 [notice] 1#1: signal 3 (SIGQUIT) received, shutting down
2022/12/31 08:51:22 [notice] 30#30: gracefully shutting down
2022/12/31 08:51:22 [notice] 28#28: gracefully shutting down
2022/12/31 08:51:22 [notice] 29#29: gracefully shutting down
2022/12/31 08:51:22 [notice] 34#34: gracefully shutting down
2022/12/31 08:51:22 [notice] 31#31: gracefully shutting down
2022/12/31 08:51:22 [notice] 32#32: gracefully shutting down
2022/12/31 08:51:22 [notice] 35#35: gracefully shutting down
2022/12/31 08:51:22 [notice] 33#33: gracefully shutting down
2022/12/31 08:51:22 [notice] 30#30: exiting
2022/12/31 08:51:22 [notice] 28#28: exiting
2022/12/31 08:51:22 [notice] 29#29: exiting
2022/12/31 08:51:22 [notice] 34#34: exiting
2022/12/31 08:51:22 [notice] 31#31: exiting
2022/12/31 08:51:22 [notice] 32#32: exiting
2022/12/31 08:51:22 [notice] 35#35: exiting
2022/12/31 08:51:22 [notice] 33#33: exiting
2022/12/31 08:51:22 [notice] 34#34: exit
2022/12/31 08:51:22 [notice] 30#30: exit
2022/12/31 08:51:22 [notice] 29#29: exit
2022/12/31 08:51:22 [notice] 28#28: exit
2022/12/31 08:51:22 [notice] 31#31: exit
2022/12/31 08:51:22 [notice] 32#32: exit
2022/12/31 08:51:22 [notice] 35#35: exit
2022/12/31 08:51:22 [notice] 33#33: exit
2022/12/31 08:51:22 [notice] 1#1: signal 17 (SIGCHLD) received from 33
2022/12/31 08:51:22 [notice] 1#1: worker process 29 exited with code 0
2022/12/31 08:51:22 [notice] 1#1: worker process 31 exited with code 0
2022/12/31 08:51:22 [notice] 1#1: worker process 32 exited with code 0
2022/12/31 08:51:22 [notice] 1#1: worker process 33 exited with code 0
2022/12/31 08:51:22 [notice] 1#1: signal 29 (SIGIO) received
2022/12/31 08:51:22 [notice] 1#1: signal 17 (SIGCHLD) received from 29
2022/12/31 08:51:22 [notice] 1#1: signal 17 (SIGCHLD) received from 30
2022/12/31 08:51:22 [notice] 1#1: worker process 30 exited with code 0
2022/12/31 08:51:22 [notice] 1#1: worker process 34 exited with code 0
2022/12/31 08:51:22 [notice] 1#1: signal 29 (SIGIO) received
2022/12/31 08:51:22 [notice] 1#1: signal 17 (SIGCHLD) received from 28
2022/12/31 08:51:22 [notice] 1#1: worker process 28 exited with code 0
2022/12/31 08:51:22 [notice] 1#1: signal 29 (SIGIO) received
2022/12/31 08:51:22 [notice] 1#1: signal 17 (SIGCHLD) received from 35
2022/12/31 08:51:22 [notice] 1#1: worker process 35 exited with code 0
2022/12/31 08:51:22 [notice] 1#1: exit
2022/12/31 20:19:33 [notice] 1#1: using the "epoll" event method
2022/12/31 20:19:33 [notice] 1#1: nginx/1.22.1
2022/12/31 20:19:33 [notice] 1#1: built by gcc 10.2.1 20210110 (Debian 10.2.1-6) 
2022/12/31 20:19:33 [notice] 1#1: OS: Linux 5.10.16.3-microsoft-standard-WSL2
2022/12/31 20:19:33 [notice] 1#1: getrlimit(RLIMIT_NOFILE): 1048576:1048576
2022/12/31 20:19:33 [notice] 1#1: start worker processes
2022/12/31 20:19:33 [notice] 1#1: start worker process 28
2022/12/31 20:19:33 [notice] 1#1: start worker process 29
2022/12/31 20:19:33 [notice] 1#1: start worker process 30
2022/12/31 20:19:33 [notice] 1#1: start worker process 31
2022/12/31 20:19:33 [notice] 1#1: start worker process 32
2022/12/31 20:19:33 [notice] 1#1: start worker process 33
2022/12/31 20:19:33 [notice] 1#1: start worker process 34
2022/12/31 20:19:33 [notice] 1#1: start worker process 35
2022/12/31 20:23:07 [notice] 1#1: signal 3 (SIGQUIT) received, shutting down
2022/12/31 20:23:07 [notice] 28#28: gracefully shutting down
2022/12/31 20:23:07 [notice] 28#28: exiting
2022/12/31 20:23:07 [notice] 29#29: gracefully shutting down
2022/12/31 20:23:07 [notice] 30#30: gracefully shutting down
2022/12/31 20:23:07 [notice] 32#32: gracefully shutting down
2022/12/31 20:23:07 [notice] 31#31: gracefully shutting down
2022/12/31 20:23:07 [notice] 31#31: exiting
2022/12/31 20:23:07 [notice] 33#33: gracefully shutting down
2022/12/31 20:23:07 [notice] 34#34: gracefully shutting down
2022/12/31 20:23:07 [notice] 35#35: gracefully shutting down
2022/12/31 20:23:07 [notice] 35#35: exiting
2022/12/31 20:23:07 [notice] 28#28: exit
2022/12/31 20:23:07 [notice] 29#29: exiting
2022/12/31 20:23:07 [notice] 30#30: exiting
2022/12/31 20:23:07 [notice] 32#32: exiting
2022/12/31 20:23:07 [notice] 31#31: exit
2022/12/31 20:23:07 [notice] 33#33: exiting
2022/12/31 20:23:07 [notice] 34#34: exiting
2022/12/31 20:23:07 [notice] 35#35: exit
2022/12/31 20:23:07 [notice] 29#29: exit
2022/12/31 20:23:07 [notice] 30#30: exit
2022/12/31 20:23:07 [notice] 32#32: exit
2022/12/31 20:23:07 [notice] 33#33: exit
2022/12/31 20:23:07 [notice] 34#34: exit
2022/12/31 20:23:07 [notice] 1#1: signal 17 (SIGCHLD) received from 29
2022/12/31 20:23:07 [notice] 1#1: worker process 29 exited with code 0
2022/12/31 20:23:07 [notice] 1#1: worker process 32 exited with code 0
2022/12/31 20:23:07 [notice] 1#1: worker process 35 exited with code 0
2022/12/31 20:23:07 [notice] 1#1: signal 29 (SIGIO) received
2022/12/31 20:23:07 [notice] 1#1: signal 17 (SIGCHLD) received from 32
2022/12/31 20:23:07 [notice] 1#1: signal 17 (SIGCHLD) received from 30
2022/12/31 20:23:07 [notice] 1#1: worker process 30 exited with code 0
2022/12/31 20:23:07 [notice] 1#1: worker process 34 exited with code 0
2022/12/31 20:23:07 [notice] 1#1: signal 29 (SIGIO) received
2022/12/31 20:23:07 [notice] 1#1: signal 17 (SIGCHLD) received from 33
2022/12/31 20:23:07 [notice] 1#1: worker process 33 exited with code 0
2022/12/31 20:23:07 [notice] 1#1: signal 29 (SIGIO) received
2022/12/31 20:23:07 [notice] 1#1: signal 17 (SIGCHLD) received from 31
2022/12/31 20:23:07 [notice] 1#1: worker process 28 exited with code 0
2022/12/31 20:23:07 [notice] 1#1: worker process 31 exited with code 0
2022/12/31 20:23:07 [notice] 1#1: exit
